<?xml version='1.0' encoding='UTF-8'?>
<testsuite hostname="DESKTOP-O5CHT8K" name="example.ListsSuite" tests="6" errors="0" failures="4" skipped="0" time="2.14" timestamp="2020-10-06T03:40:57">
                     <properties>
[...]
</properties>
                     <testcase classname="example.ListsSuite" name="one plus one is three (0pts)?" time="1.156">
                                                 <failure message="java.lang.Exception: test timed out after 1000 milliseconds" type="sbt.ForkMain$ForkError">sbt.ForkMain$ForkError: java.lang.Exception: test timed out after 1000 milliseconds
	at java.math.MathContext.&lt;clinit&gt;(Unknown Source)
	at scala.math.BigDecimal$.&lt;clinit&gt;(BigDecimal.scala:27)
	at scala.package$.&lt;clinit&gt;(package.scala:112)
	at scala.Predef$.&lt;clinit&gt;(Predef.scala:154)
	at example.ListsSuite.one$u0020plus$u0020one$u0020is$u0020three$u0020$u00280pts$u0029$qmark(ListsSuite.scala:28)
	at sun.reflect.NativeMethodAccessorImpl.invoke0(Native Method)
	at sun.reflect.NativeMethodAccessorImpl.invoke(Unknown Source)
	at sun.reflect.DelegatingMethodAccessorImpl.invoke(Unknown Source)
	at java.lang.reflect.Method.invoke(Unknown Source)
	at org.junit.runners.model.FrameworkMethod$1.runReflectiveCall(FrameworkMethod.java:47)
	at org.junit.internal.runners.model.ReflectiveCallable.run(ReflectiveCallable.java:12)
	at org.junit.runners.model.FrameworkMethod.invokeExplosively(FrameworkMethod.java:44)
	at org.junit.internal.runners.statements.InvokeMethod.evaluate(InvokeMethod.java:17)
	at org.junit.internal.runners.statements.FailOnTimeout$StatementThread.run(FailOnTimeout.java:74)
</failure>
                                               </testcase><testcase classname="example.ListsSuite" name="max of a few numbers (10pts)" time="0.969">
                                                 <failure message="scala.NotImplementedError: an implementation is missing" type="sbt.ForkMain$ForkError">sbt.ForkMain$ForkError: scala.NotImplementedError: an implementation is missing
	at scala.Predef$.$qmark$qmark$qmark(Predef.scala:347)
	at example.Lists$.max(Lists.scala:40)
	at example.ListsSuite.max$u0020of$u0020a$u0020few$u0020numbers$u0020$u002810pts$u0029(ListsSuite.scala:101)
	at sun.reflect.NativeMethodAccessorImpl.invoke0(Native Method)
	at sun.reflect.NativeMethodAccessorImpl.invoke(Unknown Source)
	at sun.reflect.DelegatingMethodAccessorImpl.invoke(Unknown Source)
	at java.lang.reflect.Method.invoke(Unknown Source)
	at org.junit.runners.model.FrameworkMethod$1.runReflectiveCall(FrameworkMethod.java:47)
	at org.junit.internal.runners.model.ReflectiveCallable.run(ReflectiveCallable.java:12)
	at org.junit.runners.model.FrameworkMethod.invokeExplosively(FrameworkMethod.java:44)
	at org.junit.internal.runners.statements.InvokeMethod.evaluate(InvokeMethod.java:17)
	at org.junit.internal.runners.statements.FailOnTimeout$StatementThread.run(FailOnTimeout.java:74)
</failure>
                                               </testcase><testcase classname="example.ListsSuite" name="intNotZero throws an exception if its argument is 0" time="0.015">
                                                 
                                               </testcase><testcase classname="example.ListsSuite" name="details why one plus one is not three (0pts)" time="0.0">
                                                 <failure message="java.lang.AssertionError: expected:&lt;3&gt; but was:&lt;2&gt;" type="sbt.ForkMain$ForkError">sbt.ForkMain$ForkError: java.lang.AssertionError: expected:&lt;3&gt; but was:&lt;2&gt;
	at org.junit.Assert.fail(Assert.java:88)
	at org.junit.Assert.failNotEquals(Assert.java:743)
	at org.junit.Assert.assertEquals(Assert.java:118)
	at org.junit.Assert.assertEquals(Assert.java:555)
	at org.junit.Assert.assertEquals(Assert.java:542)
	at example.ListsSuite.details$u0020why$u0020one$u0020plus$u0020one$u0020is$u0020not$u0020three$u0020$u00280pts$u0029(ListsSuite.scala:53)
	at sun.reflect.NativeMethodAccessorImpl.invoke0(Native Method)
	at sun.reflect.NativeMethodAccessorImpl.invoke(Unknown Source)
	at sun.reflect.DelegatingMethodAccessorImpl.invoke(Unknown Source)
	at java.lang.reflect.Method.invoke(Unknown Source)
	at org.junit.runners.model.FrameworkMethod$1.runReflectiveCall(FrameworkMethod.java:47)
	at org.junit.internal.runners.model.ReflectiveCallable.run(ReflectiveCallable.java:12)
	at org.junit.runners.model.FrameworkMethod.invokeExplosively(FrameworkMethod.java:44)
	at org.junit.internal.runners.statements.InvokeMethod.evaluate(InvokeMethod.java:17)
	at org.junit.internal.runners.statements.FailOnTimeout$StatementThread.run(FailOnTimeout.java:74)
</failure>
                                               </testcase><testcase classname="example.ListsSuite" name="sum of a few numbers (10pts)" time="0.0">
                                                 <failure message="scala.NotImplementedError: an implementation is missing" type="sbt.ForkMain$ForkError">sbt.ForkMain$ForkError: scala.NotImplementedError: an implementation is missing
	at scala.Predef$.$qmark$qmark$qmark(Predef.scala:347)
	at example.Lists$.sum(Lists.scala:25)
	at example.ListsSuite.sum$u0020of$u0020a$u0020few$u0020numbers$u0020$u002810pts$u0029(ListsSuite.scala:97)
	at sun.reflect.NativeMethodAccessorImpl.invoke0(Native Method)
	at sun.reflect.NativeMethodAccessorImpl.invoke(Unknown Source)
	at sun.reflect.DelegatingMethodAccessorImpl.invoke(Unknown Source)
	at java.lang.reflect.Method.invoke(Unknown Source)
	at org.junit.runners.model.FrameworkMethod$1.runReflectiveCall(FrameworkMethod.java:47)
	at org.junit.internal.runners.model.ReflectiveCallable.run(ReflectiveCallable.java:12)
	at org.junit.runners.model.FrameworkMethod.invokeExplosively(FrameworkMethod.java:44)
	at org.junit.internal.runners.statements.InvokeMethod.evaluate(InvokeMethod.java:17)
	at org.junit.internal.runners.statements.FailOnTimeout$StatementThread.run(FailOnTimeout.java:74)
</failure>
                                               </testcase><testcase classname="example.ListsSuite" name="one plus one is two (0pts)" time="0.0">
                                                 
                                               </testcase>
                     <system-out><![CDATA[]]></system-out>
                     <system-err><![CDATA[]]></system-err>
                   </testsuite>